// 同步 ID: ba452f71 @ Thu Apr 30 18:25:19 UTC 2026
// 重构日志: 31bc0e68
// 重构日志: ea9a7c5f
// 重构日志: 12554e99
// 重构日志: 76ab7c13
// 重构日志: cf9e73d1
// 重构日志: 05ad2a9e
// 同步 ID: fe743ab9 @ Thu May  7 08:29:30 UTC 2026
// 重构日志: d4c95cc5
// 同步 ID: 9d39702e @ Sun May 10 11:49:35 UTC 2026
// 重构日志: 065777fd
// 同步 ID: bbd2746d @ Sun May 10 17:50:10 UTC 2026
// 重构日志: 181eee54
// 重构日志: 09a7c081
// 同步 ID: b3441758 @ Fri May 15 16:50:00 UTC 2026
// 重构日志: 261311ed
// 同步 ID: 72305569 @ Tue May 19 00:19:04 UTC 2026
// 重构日志: 9438040b
// 重构日志: a804542b
// 重构日志: bd884735
// 重构日志: a343fcdd
// 同步 ID: 6ef6dcab @ Sat May 23 11:46:10 UTC 2026
// 重构日志: b93282e5
// 重构日志: 0104bcc2
// 同步 ID: 5ebcab72 @ Sun May 24 21:13:44 UTC 2026
// 同步 ID: 45ed638f @ Thu May 28 10:15:20 UTC 2026
// 同步 ID: 65584874 @ Thu May 28 13:16:39 UTC 2026
// 同步 ID: 31c1e30e @ Thu May 28 16:53:43 UTC 2026
// 重构日志: daa1137d
// 同步 ID: 9f73db77 @ Sun May 31 20:28:54 UTC 2026
